<?xml version="1.0" encoding="utf-8"?><testsuites name="pytest tests"><testsuite name="pytest" errors="0" failures="0" skipped="0" tests="39" time="13.858" timestamp="2026-08-01T16:55:35.209747+00:00" hostname="agent-env-7a17e74f-451f-4ec7-998a-c2d30367101d"><testcase classname="tests.test_prism_api" name="test_health" time="0.390" /><testcase classname="tests.test_detection" name="test_filename_hint[pitch_deck.pdf-pitch_deck]" time="0.001" /><testcase classname="tests.test_detection" name="test_filename_hint[mis_dashboard.xlsx-mis]" time="0.000" /><testcase classname="tests.test_detection" name="test_filename_hint[financials.pdf-financials]" time="0.000" /><testcase classname="tests.test_detection" name="test_filename_hint[projections_3yr.xlsx-projections]" time="0.000" /><testcase classname="tests.test_detection" name="test_filename_hint[cap_table.csv-cap_table]" time="0.000" /><testcase classname="tests.test_detection" name="test_filename_hint[Northwind_MIS_FY24.xlsx-mis]" time="0.000" /><testcase classname="tests.test_detection" name="test_filename_hint[monthly_mis_dashboard.xlsx-mis]" time="0.000" /><testcase classname="tests.test_detection" name="test_filename_hint[5yr_forecast.xlsx-projections]" time="0.000" /><testcase classname="tests.test_detection" name="test_filename_hint[shareholding.csv-cap_table]" time="0.000" /><testcase classname="tests.test_detection" name="test_filename_hint[Acme_AuditedFinancials.pdf-financials]" time="0.000" /><testcase classname="tests.test_detection" name="test_clean_fixture_detection[Northwind_PitchDeck_v3.pdf-pitch_deck]" time="0.055" /><testcase classname="tests.test_detection" name="test_clean_fixture_detection[Northwind_MIS_FY24.xlsx-mis]" time="0.210" /><testcase classname="tests.test_detection" name="test_clean_fixture_detection[Northwind_AuditedFinancials.pdf-financials]" time="0.009" /><testcase classname="tests.test_detection" name="test_clean_fixture_detection[Northwind_Projections_3yr.xlsx-projections]" time="0.003" /><testcase classname="tests.test_detection" name="test_clean_fixture_detection[Northwind_CapTable.csv-cap_table]" time="0.000" /><testcase classname="tests.test_detection" name="test_messy_fixture_detection[Acme_PitchDeck_Final.pdf-pitch_deck]" time="0.008" /><testcase classname="tests.test_detection" name="test_messy_fixture_detection[Acme_MIS_Q4.xlsx-mis]" time="0.004" /><testcase classname="tests.test_detection" name="test_messy_fixture_detection[Acme_Financials_2024.pdf-financials]" time="0.008" /><testcase classname="tests.test_detection" name="test_messy_fixture_detection[Acme_Projections.xlsx-projections]" time="0.003" /><testcase classname="tests.test_detection" name="test_messy_fixture_detection[Acme_CapTable.csv-cap_table]" time="0.000" /><testcase classname="tests.test_detection" name="test_multi_sheet_generic_filename" time="0.011" /><testcase classname="tests.test_detection" name="test_multi_sheet_mis_filename_wins" time="0.012" /><testcase classname="tests.test_sample_endpoint" name="test_sample_messy_bearer" time="0.387" /><testcase classname="tests.test_prism_api" name="test_health_accepts_bearer" time="0.333" /><testcase classname="tests.test_sample_endpoint" name="test_sample_clean_bearer" time="0.188" /><testcase classname="tests.test_prism_api" name="test_upload_no_files_400" time="0.187" /><testcase classname="tests.test_prism_api" name="test_status_unknown_id_404" time="0.108" /><testcase classname="tests.test_sample_endpoint" name="test_sample_unknown_kind_defaults_to_messy_no_500" time="0.212" /><testcase classname="tests.test_prism_api" name="test_report_unknown_id_404_or_409" time="0.170" /><testcase classname="tests.test_sample_endpoint" name="test_sample_anonymous_also_works" time="0.159" /><testcase classname="tests.test_prism_api" name="test_download_unknown_id_404" time="0.108" /><testcase classname="tests.test_sample_endpoint" name="test_messy_analyze_and_report" time="11.039" /><testcase classname="tests.test_prism_api" name="test_upload_response_shape" time="0.183" /><testcase classname="tests.test_prism_api" name="test_detected_type_values_match_expected" time="0.000" /><testcase classname="tests.test_prism_api" name="test_start_analysis_and_poll" time="11.469" /><testcase classname="tests.test_prism_api" name="test_start_analysis_unknown_404" time="0.098" /><testcase classname="tests.test_prism_api" name="test_report_shape_and_enums" time="0.193" /><testcase classname="tests.test_prism_api" name="test_download_pdf" time="0.098" /></testsuite></testsuites>