<?xml version="1.0" encoding="utf-8"?><testsuites name="pytest tests"><testsuite name="pytest" errors="0" failures="0" skipped="0" tests="5" time="22.974" timestamp="2026-08-01T16:28:50.339895+00:00" hostname="agent-env-7a17e74f-451f-4ec7-998a-c2d30367101d"><testcase classname="tests.test_sample_endpoint" name="test_sample_messy_bearer" time="0.494" /><testcase classname="tests.test_sample_endpoint" name="test_sample_clean_bearer" time="0.149" /><testcase classname="tests.test_sample_endpoint" name="test_sample_unknown_kind_defaults_to_messy_no_500" time="0.132" /><testcase classname="tests.test_sample_endpoint" name="test_sample_anonymous_also_works" time="0.128" /><testcase classname="tests.test_sample_endpoint" name="test_messy_analyze_and_report" time="21.601" /></testsuite></testsuites>