<?xml version="1.0" encoding="utf-8"?><testsuites name="pytest tests"><testsuite name="pytest" errors="0" failures="0" skipped="0" tests="12" time="11.697" timestamp="2026-08-01T16:21:49.783100+00:00" hostname="agent-env-7a17e74f-451f-4ec7-998a-c2d30367101d"><testcase classname="tests.test_prism_api" name="test_health" time="0.176" /><testcase classname="tests.test_prism_api" name="test_health_accepts_bearer" time="0.090" /><testcase classname="tests.test_prism_api" name="test_upload_no_files_400" time="0.106" /><testcase classname="tests.test_prism_api" name="test_status_unknown_id_404" time="0.107" /><testcase classname="tests.test_prism_api" name="test_report_unknown_id_404_or_409" time="0.098" /><testcase classname="tests.test_prism_api" name="test_download_unknown_id_404" time="0.109" /><testcase classname="tests.test_prism_api" name="test_upload_response_shape" time="0.114" /><testcase classname="tests.test_prism_api" name="test_detected_type_values_match_expected" time="0.000" /><testcase classname="tests.test_prism_api" name="test_start_analysis_and_poll" time="9.902" /><testcase classname="tests.test_prism_api" name="test_start_analysis_unknown_404" time="0.097" /><testcase classname="tests.test_prism_api" name="test_report_shape_and_enums" time="0.274" /><testcase classname="tests.test_prism_api" name="test_download_pdf" time="0.117" /></testsuite></testsuites>