<?xml version="1.0" encoding="utf-8"?><testsuites name="pytest tests"><testsuite name="pytest" errors="0" failures="0" skipped="0" tests="12" time="9.901" timestamp="2026-08-01T16:29:18.499265+00:00" hostname="agent-env-7a17e74f-451f-4ec7-998a-c2d30367101d"><testcase classname="tests.test_prism_api" name="test_health" time="0.128" /><testcase classname="tests.test_prism_api" name="test_health_accepts_bearer" time="0.103" /><testcase classname="tests.test_prism_api" name="test_upload_no_files_400" time="0.102" /><testcase classname="tests.test_prism_api" name="test_status_unknown_id_404" time="0.094" /><testcase classname="tests.test_prism_api" name="test_report_unknown_id_404_or_409" time="0.093" /><testcase classname="tests.test_prism_api" name="test_download_unknown_id_404" time="0.099" /><testcase classname="tests.test_prism_api" name="test_upload_response_shape" time="0.163" /><testcase classname="tests.test_prism_api" name="test_detected_type_values_match_expected" time="0.000" /><testcase classname="tests.test_prism_api" name="test_start_analysis_and_poll" time="8.241" /><testcase classname="tests.test_prism_api" name="test_start_analysis_unknown_404" time="0.103" /><testcase classname="tests.test_prism_api" name="test_report_shape_and_enums" time="0.190" /><testcase classname="tests.test_prism_api" name="test_download_pdf" time="0.098" /></testsuite></testsuites>